#
# A fatal error has been detected by the Java Runtime Environment:
#
#  SIGSEGV (0xb) at pc=0x00007f2144115401, pid=585, tid=670
#
# JRE version: OpenJDK Runtime Environment (11.0.7+10) (build 11.0.7+10-post-Ubuntu-2ubuntu218.04)
# Java VM: OpenJDK 64-Bit Server VM (11.0.7+10-post-Ubuntu-2ubuntu218.04, mixed mode, sharing, tiered, compressed oops, serial gc, linux-amd64)
# Problematic frame:
# C  [libjimage.so+0x2401]
#
# Core dump will be written. Default location: Core dumps may be processed with "/usr/share/apport/apport %p %s %c %d %P %E" (or dumping to /home/runner/TicTacToe/core.585)
#
# If you would like to submit a bug report, please visit:
#   https://bugs.launchpad.net/ubuntu/+source/openjdk-lts
#

---------------  S U M M A R Y ------------

Command Line: Main

Host: Intel(R) Xeon(R) CPU @ 2.30GHz, 4 cores, 953M, Ubuntu 18.04.4 LTS
Time: Wed Jun  3 18:21:31 2020 UTC elapsed time: 549 seconds (0d 0h 9m 9s)

---------------  T H R E A D  ---------------

Current thread (0x00007f20e8023000):  JavaThread "XToolkt-Shutdown-Thread" [_thread_in_vm, id=670, stack(0x00007f20fd15f000,0x00007f20fd260000)]

Stack: [0x00007f20fd15f000,0x00007f20fd260000],  sp=0x00007f20fd25d060,  free space=1016k
